Command line:
   stupid_stupid_sch_tb_isim_beh.exe
     -simmode  gui
     -simrunnum  0
     -socket  1498

Sun Aug 24 10:43:26 2014


 Elaboration Time: 0.156001 sec

 Current Memory Usage: 1312.87 Meg

 Total Signals          : 218
 Total Nets             : 469
 Total Signal Drivers   : 131
 Total Blocks           : 88
 Total Primitive Blocks : 79
 Total Processes        : 125
 Total Traceable Variables  : 484
 Total Scalar Nets and Variables : 40713
Total Line Count : 794
Total Line Count : 794

 Total Simulation Time: 0.202801 sec

 Current Memory Usage: 683.684 Meg

Sun Aug 24 11:30:37 2014

