Command line:
   control_unit_isim_beh.exe
     -simmode  gui
     -simrunnum  0
     -socket  6585

Thu Jun 19 11:01:01 2014


 Elaboration Time: 0.124801 sec

 Current Memory Usage: 1313.42 Meg

 Total Signals          : 9
 Total Nets             : 23
 Total Signal Drivers   : 4
 Total Blocks           : 4
 Total Primitive Blocks : 4
 Total Processes        : 4
 Total Traceable Variables  : 10
 Total Scalar Nets and Variables : 401
Total Line Count : 20

 Total Simulation Time: 0.156001 sec

 Current Memory Usage: 1470.67 Meg

Thu Jun 19 11:01:57 2014

