Running: D:\programy\Xilinx\14.6\ISE_DS\ISE\bin\nt64\unwrapped\fuse.exe -intstyle ise -incremental -o C:/Users/fafik/Dropbox/infa/xilinx/ethernet4/disp_test_isim_beh.exe -prj C:/Users/fafik/Dropbox/infa/xilinx/ethernet4/disp_test_beh.prj work.disp_test 
ISim P.68d (signature 0x7708f090)
Number of CPUs detected in this system: 4
Turning on mult-threading, number of parallel sub-compilation jobs: 8 
Determining compilation order of HDL files
Parsing VHDL file "C:/Users/fafik/Dropbox/infa/xilinx/ethernet4/header_display.vhd" into library work
Parsing VHDL file "C:/Users/fafik/Dropbox/infa/xilinx/ethernet4/disp_test.vhd" into library work
Starting static elaboration
Completed static elaboration
Compiling package standard
Compiling package std_logic_1164
Compiling package std_logic_arith
Compiling package std_logic_unsigned
Compiling architecture behavioral of entity header_display [header_display_default]
Compiling architecture behavior of entity disp_test
Time Resolution for simulation is 1ps.
Compiled 7 VHDL Units
Built simulation executable C:/Users/fafik/Dropbox/infa/xilinx/ethernet4/disp_test_isim_beh.exe
Fuse Memory Usage: 33292 KB
Fuse CPU Usage: 545 ms
